
## ---------------------- ##
## Running config.status. ##
## ---------------------- ##

This file was extended by config.status, which was
generated by GNU Autoconf 2.69.  Invocation command line was

  CONFIG_FILES    = 
  CONFIG_HEADERS  = 
  CONFIG_LINKS    = 
  CONFIG_COMMANDS = 
  $ ./config.status 

on moons-MacBook-Pro.local

config.status:839: creating cgnstypes.h
config.status:839: creating cgnstypes_f.h
config.status:839: creating cgnstypes_f03.h
config.status:839: creating cgnsconfig.h
config.status:839: creating cg_hash_types.h
config.status:839: creating Makefile
config.status:839: creating make.defs
config.status:839: creating cgnsBuild.defs
config.status:839: creating tests/Makefile
config.status:839: creating tools/Makefile
config.status:839: creating Test_UserGuideCode/C_code_parallel/Makefile
config.status:839: creating ptests/Makefile
config.status:839: creating cgnstools/Makefile
config.status:839: creating cgnstools/make.defs
config.status:839: creating cgnstools/cgconfig

## ---------------- ##
## Cache variables. ##
## ---------------- ##

ac_cv_c_compiler_gnu=yes
ac_cv_c_const=yes
ac_cv_env_CC_set=set
ac_cv_env_CC_value=/usr/bin/gcc
ac_cv_env_CFLAGS_set=
ac_cv_env_CFLAGS_value=
ac_cv_env_CPPFLAGS_set=
ac_cv_env_CPPFLAGS_value=
ac_cv_env_CPP_set=
ac_cv_env_CPP_value=
ac_cv_env_FCFLAGS_set=
ac_cv_env_FCFLAGS_value=
ac_cv_env_FC_set=set
ac_cv_env_FC_value=/usr/local/bin/gfortran
ac_cv_env_LDFLAGS_set=set
ac_cv_env_LDFLAGS_value=-L/usr/local/lib/
ac_cv_env_LIBS_set=
ac_cv_env_LIBS_value=
ac_cv_env_XMKMF_set=
ac_cv_env_XMKMF_value=
ac_cv_env_build_alias_set=
ac_cv_env_build_alias_value=
ac_cv_env_host_alias_set=
ac_cv_env_host_alias_value=
ac_cv_env_target_alias_set=
ac_cv_env_target_alias_value=
ac_cv_header_inttypes_h=yes
ac_cv_header_memory_h=yes
ac_cv_header_stdc=yes
ac_cv_header_stdint_h=yes
ac_cv_header_stdlib_h=yes
ac_cv_header_string_h=yes
ac_cv_header_strings_h=yes
ac_cv_header_sys_stat_h=yes
ac_cv_header_sys_types_h=yes
ac_cv_header_unistd_h=yes
ac_cv_objext=o
ac_cv_path_EGREP='/usr/bin/grep -E'
ac_cv_path_GREP=/usr/bin/grep
ac_cv_path_install='/usr/bin/install -c'
ac_cv_prog_CPP='/usr/bin/gcc -E'
ac_cv_prog_RANLIB=ranlib
ac_cv_prog_STRIP=strip
ac_cv_prog_ac_ct_CC=/usr/bin/gcc
ac_cv_prog_cc_c89=
ac_cv_prog_cc_c99=
ac_cv_prog_cc_g=yes
ac_cv_prog_make_make_set=yes
ac_cv_sizeof_char_p=8
ac_cv_sizeof_long=8
ac_cv_sizeof_void_p=8
ac_cv_type_size_t=yes

## ----------------- ##
## Output variables. ##
## ----------------- ##

ADFINCS=''
ADFOBJS=''
AR='ar cr'
AROUT=''
AR_LIB='ar cr'
BINDIR='/usr/local/bin'
BIN_INSTALL_DIR='/usr/local/bin'
BUILD64BIT='1'
BUILDBASESCOPE='0'
BUILDDEBUG='0'
BUILDDIR='lib'
BUILDFORTRAN='0'
BUILDHDF5='0'
BUILDLEGACY='0'
BUILDOPTS=''
BUILDPARALLEL='0'
BUILDSCOPE='0'
CALCOPTS=''
CC='/usr/bin/gcc'
CEOUT='-o $(SPACE)'
CFGFLAGS=''
CFLAGS='-g -O2'
CGLONGT='long'
CGNSDIR='/Users/moon/Dev/CGNS-4.3.0/src'
CGNSLIB='libcgns.a'
CGNSTOOLS=''
CGNSVERS='4.30'
CG_BIN_DIR='/usr/local/bin'
CG_LIB_DIR='/usr/local/share/cgnstools'
COOUT='-o $(SPACE)'
CPP='/usr/bin/gcc -E'
CPPFLAGS=''
DEFS='-DPACKAGE_NAME=\"\" -DPACKAGE_TARNAME=\"\" -DPACKAGE_VERSION=\"\" -DPACKAGE_STRING=\"\" -DPACKAGE_BUGREPORT=\"\" -DPACKAGE_URL=\"\" -DSTDC_HEADERS=1 -DHAVE_SYS_TYPES_H=1 -DHAVE_SYS_STAT_H=1 -DHAVE_STDLIB_H=1 -DHAVE_STRING_H=1 -DHAVE_MEMORY_H=1 -DHAVE_STRINGS_H=1 -DHAVE_INTTYPES_H=1 -DHAVE_STDINT_H=1 -DHAVE_UNISTD_H=1 -DSIZEOF_VOID_P=8 -DSIZEOF_CHAR_P=8 -DSIZEOF_LONG=8 -DSIZEOF_VOID_P=8'
ECHO_C='\c'
ECHO_N=''
ECHO_T=''
EGREP='/usr/bin/grep -E'
EXEEXT=''
EXE_INSTALL_DIR='/usr/local/bin/cgnstools'
F2CFLAGS=''
F2COBJS='#F2COBJS'
F77='/usr/local/bin/gfortran'
FALL64=''
FALL=''
FC='/usr/local/bin/gfortran'
FCFLAGS=''
FC_D_PRE=''
FEOUT='-o $(SPACE)'
FFLAGS=''
FGNSOBJS='#FGNSOBJS'
FLIBS=''
FORTRAN_DEFAULT_INTEGER_C_INT64_T='0'
GREP='/usr/bin/grep'
H5NEEDMPI='0'
H5NEEDSZIP='0'
H5NEEDZLIB='0'
HAVE_COMPLEX_C99_EXT='1'
HAVE_FORTRAN_2003='0'
HAVE_FORTRAN_2008TS='0'
HAVE_FORTRAN_95='0'
HAVE_STAT64_STRUCT='0'
HDF5DEF=''
HDF5INC=''
HDF5LIB=''
HDF5LIB_DEP=''
HDF5_HAVE_COLL_METADATA=''
HDF5_HAVE_FILE_SPACE_STRATEGY=''
HDF5_HAVE_MULTI_DATASETS=''
INCLUDEDIR='/usr/local/include'
INSTALLADF=''
INSTALLCGNSTOOLS=''
INSTALLPCGNS=''
INSTALL_DATA='${INSTALL} -m 644'
INSTALL_PROGRAM='${INSTALL}'
INSTALL_SCRIPT='${INSTALL}'
INSTLIST='install-cgnsview install-cgnscalc install-utilities'
LDFLAGS='-L/usr/local/lib/'
LIBDIR='/usr/local/lib'
LIBEXT='a'
LIBOBJS=''
LIBRARY_PATH_SPEC=''
LIBS=''
LIB_INSTALL_DIR='/usr/local/share/cgnstools'
LTLIBOBJS=''
MPIDEF=''
MPIEXEC=''
MPIINC=''
MPILIBS=''
OBJEXT='o'
OGLINCS=''
OGLLIBS=''
PACKAGE_BUGREPORT=''
PACKAGE_NAME=''
PACKAGE_STRING=''
PACKAGE_TARNAME=''
PACKAGE_URL=''
PACKAGE_VERSION=''
PARALLEL=''
PATH_SEPARATOR=':'
PFALL=''
PLOTOPTS=''
PROGLIST='cgnsview cgnscalc utilities'
PTESTS=''
RANLIB='ranlib'
RAN_LIB='ranlib'
SET_MAKE=''
SHELL='/bin/sh'
SIZEOF_LONG='8'
SIZEOF_VOID_P='8'
STRIP='strip'
SYSCFLAGS=''
SYSFFLAGS=''
SYSTEM='DARWIN'
SZIPLIB=''
TCL_LIBRARY_SPEC=''
TKINCS=''
TKLIBS=''
TKOGLOPTS=''
TKOGLXLIB=''
TK_LIBRARY_SPEC=''
X11INCS=''
X11LIBS=''
XMKMF=''
ZLIBLIB=''
ac_ct_CC='/usr/bin/gcc'
ac_ct_FC=''
bindir='${exec_prefix}/bin'
build_alias=''
datadir='${prefix}/share/cgnstools'
datarootdir='${prefix}/share'
docdir='${datarootdir}/doc/${PACKAGE}'
dvidir='${docdir}'
exec_prefix='/usr/local'
host_alias=''
htmldir='${docdir}'
includedir='${prefix}/include'
infodir='${datarootdir}/info'
libdir='${exec_prefix}/lib'
libexecdir='${exec_prefix}/libexec'
localedir='${datarootdir}/locale'
localstatedir='${prefix}/var'
mandir='${datarootdir}/man'
oldincludedir='/usr/include'
pdfdir='${docdir}'
prefix='/usr/local'
program_transform_name='s,x,x,'
psdir='${docdir}'
sbindir='${exec_prefix}/sbin'
sharedstatedir='${prefix}/com'
sysconfdir='${prefix}/etc'
target_alias=''

## ----------- ##
## confdefs.h. ##
## ----------- ##

/* confdefs.h */
#define PACKAGE_NAME ""
#define PACKAGE_TARNAME ""
#define PACKAGE_VERSION ""
#define PACKAGE_STRING ""
#define PACKAGE_BUGREPORT ""
#define PACKAGE_URL ""
#define STDC_HEADERS 1
#define HAVE_SYS_TYPES_H 1
#define HAVE_SYS_STAT_H 1
#define HAVE_STDLIB_H 1
#define HAVE_STRING_H 1
#define HAVE_MEMORY_H 1
#define HAVE_STRINGS_H 1
#define HAVE_INTTYPES_H 1
#define HAVE_STDINT_H 1
#define HAVE_UNISTD_H 1
#define SIZEOF_VOID_P 8
#define SIZEOF_CHAR_P 8
#define SIZEOF_LONG 8
#define SIZEOF_VOID_P 8

configure: exit 0
